[0/6] CSV okundu. Toplam satır: 4537 | com: 3714 | de: 820
[1/6] Benzersiz değerler çıkarılıyor...
[1/6] Tamam. Süre: 0.01 sn | Benzersiz Title (com): 3304 | (de): 735 | Benzersiz Category (com): 108 | (de): 28

[2/6] Title çevirileri başlıyor...
[Title EN->TR] Başlıyor | src=en dest=tr | toplam benzersiz=3304
[Title EN->TR] İlerleme 25/3304 | ok=25 fail=0 | hız=3.71/sn | kalan~14.7 dk
[Title EN->TR] İlerleme 50/3304 | ok=50 fail=0 | hız=2.17/sn | kalan~25.0 dk
[Title EN->TR] İlerleme 75/3304 | ok=75 fail=0 | hız=1.85/sn | kalan~29.0 dk
[Title EN->TR] İlerleme 100/3304 | ok=100 fail=0 | hız=1.75/sn | kalan~30.5 dk
[Title EN->TR] İlerleme 125/3304 | ok=125 fail=0 | hız=1.69/sn | kalan~31.3 dk
[Title EN->TR] İlerleme 150/3304 | ok=150 fail=0 | hız=1.65/sn | kalan~31.9 dk
[Title EN->TR] İlerleme 175/3304 | ok=175 fail=0 | hız=1.57/sn | kalan~33.2 dk
[Title EN->TR] İlerleme 200/3304 | ok=200 fail=0 | hız=1.49/sn | kalan~34.7 dk
[Title EN->TR] İlerleme 225/3304 | ok=225 fail=0 | hız=1.45/sn | kalan~35.3 dk
[Title EN->TR] İlerleme 250/3304 | ok=250 fail=0 | hız=1.45/sn | kalan~35.0 dk
[Title EN->TR] İlerleme 275/3304 | ok=275 fail=0 | hız=1.44/sn | kalan~35.0 dk
[Title EN->TR] İlerleme 300/3304 | ok=300 fail=0 | hız=1.42/sn | kalan~35.4 dk
[Title EN->TR] İlerleme 325/3304 | ok=325 fail=0 | hız=1.43/sn | kalan~34.7 dk
[Title EN->TR] İlerleme 350/3304 | ok=350 fail=0 | hız=1.43/sn | kalan~34.3 dk
[Title EN->TR] İlerleme 375/3304 | ok=375 fail=0 | hız=1.43/sn | kalan~34.1 dk
[Title EN->TR] İlerleme 400/3304 | ok=400 fail=0 | hız=1.43/sn | kalan~33.8 dk
[Title EN->TR] İlerleme 425/3304 | ok=425 fail=0 | hız=1.43/sn | kalan~33.5 dk
[Title EN->TR] İlerleme 450/3304 | ok=450 fail=0 | hız=1.43/sn | kalan~33.3 dk
[Title EN->TR] İlerleme 475/3304 | ok=475 fail=0 | hız=1.44/sn | kalan~32.8 dk
[Title EN->TR] İlerleme 500/3304 | ok=500 fail=0 | hız=1.43/sn | kalan~32.6 dk
[Title EN->TR] İlerleme 525/3304 | ok=525 fail=0 | hız=1.43/sn | kalan~32.4 dk
[Title EN->TR] İlerleme 550/3304 | ok=550 fail=0 | hız=1.42/sn | kalan~32.2 dk
[Title EN->TR] İlerleme 575/3304 | ok=575 fail=0 | hız=1.42/sn | kalan~32.0 dk
[Title EN->TR] İlerleme 600/3304 | ok=600 fail=0 | hız=1.42/sn | kalan~31.8 dk
[Title EN->TR] İlerleme 625/3304 | ok=625 fail=0 | hız=1.42/sn | kalan~31.5 dk
[Title EN->TR] İlerleme 650/3304 | ok=650 fail=0 | hız=1.42/sn | kalan~31.2 dk
[Title EN->TR] İlerleme 675/3304 | ok=675 fail=0 | hız=1.41/sn | kalan~31.0 dk
[Title EN->TR] İlerleme 700/3304 | ok=700 fail=0 | hız=1.41/sn | kalan~30.8 dk
[Title EN->TR] İlerleme 725/3304 | ok=725 fail=0 | hız=1.41/sn | kalan~30.5 dk
[Title EN->TR] İlerleme 750/3304 | ok=750 fail=0 | hız=1.41/sn | kalan~30.2 dk
[Title EN->TR] İlerleme 775/3304 | ok=775 fail=0 | hız=1.40/sn | kalan~30.1 dk
[Title EN->TR] İlerleme 800/3304 | ok=800 fail=0 | hız=1.40/sn | kalan~29.9 dk
[Title EN->TR] İlerleme 825/3304 | ok=825 fail=0 | hız=1.40/sn | kalan~29.6 dk
[Title EN->TR] İlerleme 850/3304 | ok=850 fail=0 | hız=1.38/sn | kalan~29.6 dk
[Title EN->TR] İlerleme 875/3304 | ok=875 fail=0 | hız=1.38/sn | kalan~29.4 dk
[Title EN->TR] İlerleme 900/3304 | ok=900 fail=0 | hız=1.39/sn | kalan~28.8 dk
[Title EN->TR] İlerleme 925/3304 | ok=925 fail=0 | hız=1.39/sn | kalan~28.6 dk
[Title EN->TR] İlerleme 950/3304 | ok=950 fail=0 | hız=1.39/sn | kalan~28.3 dk
[Title EN->TR] İlerleme 975/3304 | ok=975 fail=0 | hız=1.38/sn | kalan~28.0 dk
[Title EN->TR] İlerleme 1000/3304 | ok=1000 fail=0 | hız=1.38/sn | kalan~27.7 dk
[Title EN->TR] İlerleme 1025/3304 | ok=1025 fail=0 | hız=1.39/sn | kalan~27.4 dk
[Title EN->TR] İlerleme 1050/3304 | ok=1050 fail=0 | hız=1.38/sn | kalan~27.1 dk
[Title EN->TR] İlerleme 1075/3304 | ok=1075 fail=0 | hız=1.38/sn | kalan~26.9 dk
[Title EN->TR] İlerleme 1100/3304 | ok=1100 fail=0 | hız=1.38/sn | kalan~26.6 dk
[Title EN->TR] İlerleme 1125/3304 | ok=1125 fail=0 | hız=1.38/sn | kalan~26.4 dk
[Title EN->TR] İlerleme 1150/3304 | ok=1150 fail=0 | hız=1.38/sn | kalan~26.1 dk
[Title EN->TR] İlerleme 1175/3304 | ok=1175 fail=0 | hız=1.37/sn | kalan~25.9 dk
[Title EN->TR] İlerleme 1200/3304 | ok=1200 fail=0 | hız=1.36/sn | kalan~25.7 dk
[Title EN->TR] İlerleme 1225/3304 | ok=1225 fail=0 | hız=1.36/sn | kalan~25.5 dk
[Title EN->TR] İlerleme 1250/3304 | ok=1250 fail=0 | hız=1.36/sn | kalan~25.2 dk
[Title EN->TR] İlerleme 1275/3304 | ok=1275 fail=0 | hız=1.35/sn | kalan~25.0 dk
[Title EN->TR] İlerleme 1300/3304 | ok=1300 fail=0 | hız=1.35/sn | kalan~24.8 dk
[Title EN->TR] İlerleme 1325/3304 | ok=1325 fail=0 | hız=1.34/sn | kalan~24.6 dk
[Title EN->TR] İlerleme 1350/3304 | ok=1350 fail=0 | hız=1.34/sn | kalan~24.3 dk
[Title EN->TR] İlerleme 1375/3304 | ok=1375 fail=0 | hız=1.34/sn | kalan~24.0 dk
[Title EN->TR] İlerleme 1400/3304 | ok=1400 fail=0 | hız=1.34/sn | kalan~23.7 dk
[Title EN->TR] İlerleme 1425/3304 | ok=1425 fail=0 | hız=1.34/sn | kalan~23.4 dk
[Title EN->TR] İlerleme 1450/3304 | ok=1450 fail=0 | hız=1.34/sn | kalan~23.1 dk
[Title EN->TR] İlerleme 1475/3304 | ok=1475 fail=0 | hız=1.34/sn | kalan~22.8 dk
[Title EN->TR] İlerleme 1500/3304 | ok=1500 fail=0 | hız=1.34/sn | kalan~22.5 dk
[Title EN->TR] İlerleme 1525/3304 | ok=1525 fail=0 | hız=1.34/sn | kalan~22.2 dk
[Title EN->TR] İlerleme 1550/3304 | ok=1550 fail=0 | hız=1.34/sn | kalan~21.8 dk
[Title EN->TR] İlerleme 1575/3304 | ok=1575 fail=0 | hız=1.34/sn | kalan~21.5 dk
[Title EN->TR] İlerleme 1600/3304 | ok=1600 fail=0 | hız=1.34/sn | kalan~21.2 dk
[Title EN->TR] İlerleme 1625/3304 | ok=1625 fail=0 | hız=1.34/sn | kalan~20.9 dk
[Title EN->TR] İlerleme 1650/3304 | ok=1650 fail=0 | hız=1.35/sn | kalan~20.5 dk
[Title EN->TR] İlerleme 1675/3304 | ok=1675 fail=0 | hız=1.35/sn | kalan~20.1 dk
[Title EN->TR] İlerleme 1700/3304 | ok=1700 fail=0 | hız=1.35/sn | kalan~19.8 dk
[Title EN->TR] İlerleme 1725/3304 | ok=1725 fail=0 | hız=1.35/sn | kalan~19.4 dk
[Title EN->TR] İlerleme 1750/3304 | ok=1750 fail=0 | hız=1.36/sn | kalan~19.1 dk
[Title EN->TR] İlerleme 1775/3304 | ok=1775 fail=0 | hız=1.36/sn | kalan~18.8 dk
[Title EN->TR] İlerleme 1800/3304 | ok=1800 fail=0 | hız=1.36/sn | kalan~18.5 dk
[Title EN->TR] İlerleme 1825/3304 | ok=1825 fail=0 | hız=1.36/sn | kalan~18.1 dk
[Title EN->TR] İlerleme 1850/3304 | ok=1850 fail=0 | hız=1.36/sn | kalan~17.8 dk
[Title EN->TR] İlerleme 1875/3304 | ok=1875 fail=0 | hız=1.36/sn | kalan~17.5 dk
[Title EN->TR] İlerleme 1900/3304 | ok=1900 fail=0 | hız=1.36/sn | kalan~17.2 dk
[Title EN->TR] İlerleme 1925/3304 | ok=1925 fail=0 | hız=1.35/sn | kalan~17.0 dk
[Title EN->TR] İlerleme 1950/3304 | ok=1950 fail=0 | hız=1.36/sn | kalan~16.7 dk
[Title EN->TR] İlerleme 1975/3304 | ok=1975 fail=0 | hız=1.36/sn | kalan~16.3 dk
[Title EN->TR] İlerleme 2000/3304 | ok=2000 fail=0 | hız=1.35/sn | kalan~16.1 dk
[Title EN->TR] İlerleme 2025/3304 | ok=2025 fail=0 | hız=1.35/sn | kalan~15.7 dk
[Title EN->TR] İlerleme 2050/3304 | ok=2050 fail=0 | hız=1.35/sn | kalan~15.4 dk
[Title EN->TR] İlerleme 2075/3304 | ok=2075 fail=0 | hız=1.36/sn | kalan~15.1 dk
[Title EN->TR] İlerleme 2100/3304 | ok=2100 fail=0 | hız=1.35/sn | kalan~14.8 dk
[Title EN->TR] İlerleme 2125/3304 | ok=2125 fail=0 | hız=1.35/sn | kalan~14.5 dk
[Title EN->TR] İlerleme 2150/3304 | ok=2150 fail=0 | hız=1.35/sn | kalan~14.3 dk
[Title EN->TR] İlerleme 2175/3304 | ok=2175 fail=0 | hız=1.35/sn | kalan~14.0 dk
[Title EN->TR] İlerleme 2200/3304 | ok=2200 fail=0 | hız=1.35/sn | kalan~13.7 dk
[Title EN->TR] İlerleme 2225/3304 | ok=2225 fail=0 | hız=1.35/sn | kalan~13.4 dk
[Title EN->TR] İlerleme 2250/3304 | ok=2250 fail=0 | hız=1.34/sn | kalan~13.1 dk
[Title EN->TR] İlerleme 2275/3304 | ok=2275 fail=0 | hız=1.34/sn | kalan~12.8 dk
[Title EN->TR] İlerleme 2300/3304 | ok=2300 fail=0 | hız=1.34/sn | kalan~12.5 dk
[Title EN->TR] İlerleme 2325/3304 | ok=2325 fail=0 | hız=1.34/sn | kalan~12.2 dk
[Title EN->TR] İlerleme 2350/3304 | ok=2350 fail=0 | hız=1.34/sn | kalan~11.9 dk
[Title EN->TR] İlerleme 2375/3304 | ok=2375 fail=0 | hız=1.33/sn | kalan~11.6 dk
[Title EN->TR] İlerleme 2400/3304 | ok=2400 fail=0 | hız=1.33/sn | kalan~11.3 dk
[Title EN->TR] İlerleme 2425/3304 | ok=2425 fail=0 | hız=1.33/sn | kalan~11.0 dk
[Title EN->TR] İlerleme 2450/3304 | ok=2450 fail=0 | hız=1.33/sn | kalan~10.7 dk
[Title EN->TR] İlerleme 2475/3304 | ok=2475 fail=0 | hız=1.33/sn | kalan~10.4 dk
[Title EN->TR] İlerleme 2500/3304 | ok=2500 fail=0 | hız=1.33/sn | kalan~10.1 dk
[Title EN->TR] İlerleme 2525/3304 | ok=2525 fail=0 | hız=1.33/sn | kalan~9.8 dk
[Title EN->TR] İlerleme 2550/3304 | ok=2550 fail=0 | hız=1.32/sn | kalan~9.5 dk
[Title EN->TR] İlerleme 2575/3304 | ok=2575 fail=0 | hız=1.32/sn | kalan~9.2 dk
[Title EN->TR] İlerleme 2600/3304 | ok=2600 fail=0 | hız=1.32/sn | kalan~8.9 dk
[Title EN->TR] İlerleme 2625/3304 | ok=2625 fail=0 | hız=1.32/sn | kalan~8.6 dk
[Title EN->TR] İlerleme 2650/3304 | ok=2650 fail=0 | hız=1.32/sn | kalan~8.3 dk
[Title EN->TR] İlerleme 2675/3304 | ok=2675 fail=0 | hız=1.31/sn | kalan~8.0 dk
[Title EN->TR] İlerleme 2700/3304 | ok=2700 fail=0 | hız=1.31/sn | kalan~7.7 dk
[Title EN->TR] İlerleme 2725/3304 | ok=2725 fail=0 | hız=1.31/sn | kalan~7.4 dk
[Title EN->TR] İlerleme 2750/3304 | ok=2750 fail=0 | hız=1.30/sn | kalan~7.1 dk
[Title EN->TR] İlerleme 2775/3304 | ok=2775 fail=0 | hız=1.30/sn | kalan~6.8 dk
[Title EN->TR] İlerleme 2800/3304 | ok=2800 fail=0 | hız=1.30/sn | kalan~6.5 dk
[Title EN->TR] İlerleme 2825/3304 | ok=2825 fail=0 | hız=1.30/sn | kalan~6.2 dk
[Title EN->TR] İlerleme 2850/3304 | ok=2850 fail=0 | hız=1.29/sn | kalan~5.9 dk
[Title EN->TR] İlerleme 2875/3304 | ok=2875 fail=0 | hız=1.29/sn | kalan~5.6 dk
[Title EN->TR] İlerleme 2900/3304 | ok=2900 fail=0 | hız=1.28/sn | kalan~5.2 dk
[Title EN->TR] İlerleme 2925/3304 | ok=2925 fail=0 | hız=1.28/sn | kalan~4.9 dk
[Title EN->TR] İlerleme 2950/3304 | ok=2950 fail=0 | hız=1.28/sn | kalan~4.6 dk
[Title EN->TR] İlerleme 2975/3304 | ok=2975 fail=0 | hız=1.27/sn | kalan~4.3 dk
[Title EN->TR] İlerleme 3000/3304 | ok=3000 fail=0 | hız=1.27/sn | kalan~4.0 dk
[Title EN->TR] İlerleme 3025/3304 | ok=3025 fail=0 | hız=1.27/sn | kalan~3.7 dk
[Title EN->TR] İlerleme 3050/3304 | ok=3050 fail=0 | hız=1.26/sn | kalan~3.4 dk
[Title EN->TR] İlerleme 3075/3304 | ok=3075 fail=0 | hız=1.26/sn | kalan~3.0 dk
[Title EN->TR] İlerleme 3100/3304 | ok=3100 fail=0 | hız=1.26/sn | kalan~2.7 dk
[Title EN->TR] İlerleme 3125/3304 | ok=3125 fail=0 | hız=1.26/sn | kalan~2.4 dk
[Title EN->TR] İlerleme 3150/3304 | ok=3150 fail=0 | hız=1.25/sn | kalan~2.0 dk
[Title EN->TR] İlerleme 3175/3304 | ok=3175 fail=0 | hız=1.25/sn | kalan~1.7 dk
[Title EN->TR] İlerleme 3200/3304 | ok=3200 fail=0 | hız=1.24/sn | kalan~1.4 dk
[Title EN->TR] İlerleme 3225/3304 | ok=3225 fail=0 | hız=1.24/sn | kalan~1.1 dk
[Title EN->TR] İlerleme 3250/3304 | ok=3250 fail=0 | hız=1.24/sn | kalan~0.7 dk
[Title EN->TR] İlerleme 3275/3304 | ok=3275 fail=0 | hız=1.23/sn | kalan~0.4 dk
[Title EN->TR] İlerleme 3300/3304 | ok=3300 fail=0 | hız=1.23/sn | kalan~0.1 dk
[Title EN->TR] İlerleme 3304/3304 | ok=3304 fail=0 | hız=1.23/sn | kalan~0.0 dk
[Title DE->TR] Başlıyor | src=de dest=tr | toplam benzersiz=735
[Title DE->TR] İlerleme 25/735 | ok=25 fail=0 | hız=1.76/sn | kalan~6.7 dk
[Title DE->TR] İlerleme 50/735 | ok=50 fail=0 | hız=1.42/sn | kalan~8.0 dk
[Title DE->TR] İlerleme 75/735 | ok=75 fail=0 | hız=1.30/sn | kalan~8.4 dk
[Title DE->TR] İlerleme 100/735 | ok=100 fail=0 | hız=1.19/sn | kalan~8.9 dk
[Title DE->TR] İlerleme 125/735 | ok=125 fail=0 | hız=1.14/sn | kalan~9.0 dk
[Title DE->TR] İlerleme 150/735 | ok=150 fail=0 | hız=1.12/sn | kalan~8.7 dk
[Title DE->TR] İlerleme 175/735 | ok=175 fail=0 | hız=1.10/sn | kalan~8.5 dk
[Title DE->TR] İlerleme 200/735 | ok=200 fail=0 | hız=1.03/sn | kalan~8.7 dk
[Title DE->TR] İlerleme 225/735 | ok=225 fail=0 | hız=1.02/sn | kalan~8.3 dk
[Title DE->TR] İlerleme 250/735 | ok=250 fail=0 | hız=1.02/sn | kalan~7.9 dk
[Title DE->TR] İlerleme 275/735 | ok=275 fail=0 | hız=1.03/sn | kalan~7.5 dk
[Title DE->TR] İlerleme 300/735 | ok=300 fail=0 | hız=1.03/sn | kalan~7.1 dk
[Title DE->TR] İlerleme 325/735 | ok=325 fail=0 | hız=1.03/sn | kalan~6.6 dk
[Title DE->TR] İlerleme 350/735 | ok=350 fail=0 | hız=1.03/sn | kalan~6.2 dk
[Title DE->TR] İlerleme 375/735 | ok=375 fail=0 | hız=1.03/sn | kalan~5.8 dk
[Title DE->TR] İlerleme 400/735 | ok=400 fail=0 | hız=1.02/sn | kalan~5.5 dk
[Title DE->TR] İlerleme 425/735 | ok=425 fail=0 | hız=1.01/sn | kalan~5.1 dk
[Title DE->TR] İlerleme 450/735 | ok=450 fail=0 | hız=0.98/sn | kalan~4.8 dk
[Title DE->TR] İlerleme 475/735 | ok=475 fail=0 | hız=0.96/sn | kalan~4.5 dk
[Title DE->TR] İlerleme 500/735 | ok=500 fail=0 | hız=0.94/sn | kalan~4.1 dk
[Title DE->TR] İlerleme 525/735 | ok=525 fail=0 | hız=0.92/sn | kalan~3.8 dk
[Title DE->TR] İlerleme 550/735 | ok=550 fail=0 | hız=0.90/sn | kalan~3.4 dk
[Title DE->TR] İlerleme 575/735 | ok=575 fail=0 | hız=0.89/sn | kalan~3.0 dk
[Title DE->TR] İlerleme 600/735 | ok=600 fail=0 | hız=0.88/sn | kalan~2.6 dk
[Title DE->TR] İlerleme 625/735 | ok=625 fail=0 | hız=0.87/sn | kalan~2.1 dk
[Title DE->TR] İlerleme 650/735 | ok=650 fail=0 | hız=0.85/sn | kalan~1.7 dk
[Title DE->TR] Çeviri hatası [658/735] (deneme 1/3): The read operation timed out
[Title DE->TR] İlerleme 675/735 | ok=675 fail=0 | hız=0.84/sn | kalan~1.2 dk
[Title DE->TR] İlerleme 700/735 | ok=700 fail=0 | hız=0.82/sn | kalan~0.7 dk
[Title DE->TR] İlerleme 725/735 | ok=725 fail=0 | hız=0.82/sn | kalan~0.2 dk
[Title DE->TR] İlerleme 735/735 | ok=735 fail=0 | hız=0.82/sn | kalan~0.0 dk

[3/6] Category çevirileri başlıyor...
[Cat EN->TR] Başlıyor | src=en dest=tr | toplam benzersiz=108
[Cat EN->TR] İlerleme 10/108 | ok=10 fail=0 | hız=1.91/sn | kalan~0.9 dk
[Cat EN->TR] İlerleme 20/108 | ok=20 fail=0 | hız=1.62/sn | kalan~0.9 dk
[Cat EN->TR] İlerleme 30/108 | ok=30 fail=0 | hız=1.49/sn | kalan~0.9 dk
[Cat EN->TR] İlerleme 40/108 | ok=40 fail=0 | hız=1.35/sn | kalan~0.8 dk
[Cat EN->TR] İlerleme 50/108 | ok=50 fail=0 | hız=1.23/sn | kalan~0.8 dk
[Cat EN->TR] İlerleme 60/108 | ok=60 fail=0 | hız=1.24/sn | kalan~0.6 dk
[Cat EN->TR] İlerleme 70/108 | ok=70 fail=0 | hız=1.25/sn | kalan~0.5 dk
[Cat EN->TR] İlerleme 80/108 | ok=80 fail=0 | hız=1.28/sn | kalan~0.4 dk
[Cat EN->TR] İlerleme 90/108 | ok=90 fail=0 | hız=1.28/sn | kalan~0.2 dk
[Cat EN->TR] İlerleme 100/108 | ok=100 fail=0 | hız=1.32/sn | kalan~0.1 dk
[Cat EN->TR] İlerleme 108/108 | ok=108 fail=0 | hız=1.34/sn | kalan~0.0 dk
[Cat DE->TR] Başlıyor | src=de dest=tr | toplam benzersiz=28
[Cat DE->TR] İlerleme 10/28 | ok=10 fail=0 | hız=1.47/sn | kalan~0.2 dk
[Cat DE->TR] İlerleme 20/28 | ok=20 fail=0 | hız=1.07/sn | kalan~0.1 dk
[Cat DE->TR] İlerleme 28/28 | ok=28 fail=0 | hız=1.04/sn | kalan~0.0 dk

[4/6] Çeviriler satırlara uygulanıyor (map)...
[5/6] CSV yazılıyor...

[6/6] Tamamlandı.
Türkçe İsim dolu: 4534 / 4537
Türkçe Kategori Ağacı dolu: 4250 / 4537
